0 info it worked if it ends with ok
1 verbose cli [ 'C:\\Program Files\\nodejs\\node.exe',
1 verbose cli   'C:\\Program Files\\nodejs\\node_modules\\npm\\bin\\npm-cli.js',
1 verbose cli   'run',
1 verbose cli   'serve' ]
2 info using npm@3.10.3
3 info using node@v6.3.0
4 verbose run-script [ 'preserve', 'serve', 'postserve' ]
5 info lifecycle eyespy@1.0.0~preserve: eyespy@1.0.0
6 silly lifecycle eyespy@1.0.0~preserve: no script for preserve, continuing
7 info lifecycle eyespy@1.0.0~serve: eyespy@1.0.0
8 verbose lifecycle eyespy@1.0.0~serve: unsafe-perm in lifecycle true
9 verbose lifecycle eyespy@1.0.0~serve: PATH: C:\Users\Dallas\AppData\Roaming\nvm\v6.3.0\node_modules\npm\bin\node-gyp-bin;C:\Users\Dallas\Desktop\Sites\Github\EyeSpyNature\node_modules\.bin;C:\Program Files\nodejs;C:\Users\Dallas\bin;C:\Program Files\Git\mingw64\bin;C:\Program Files\Git\usr\local\bin;C:\Program Files\Git\usr\bin;C:\Program Files\Git\usr\bin;C;C:\Program Files\Git\mingw64\bin;C;C:\Program Files\Git\usr\bin;C;C:\Users\Dallas\bin;C;C:\WINDOWS\system32;C;C:\WINDOWS;C;C:\WINDOWS\System32\Wbem;C;C:\WINDOWS\System32\WindowsPowerShell\v1.0;C;C:\Program Files\Microsoft SQL Server\130\Tools\Binn;C;C:\Program Files\Git\cmd;C;C:\ProgramData\chocolatey\bin;C;C:\Program Files\Microsoft\Web Platform Installer;C;C:\Program Files (x86)\Brackets\command;C;C:\Program Files\TortoiseGit\bin;C;C:\Program Files (x86)\PuTTY;C;C:\Program Files (x86)\Microsoft SQL Server\110\DTS\Binn;C;C:\Program Files (x86)\Microsoft SQL Server\120\DTS\Binn;C;C:\Program Files (x86)\Microsoft SQL Server\130\DTS\Binn;C;C:\Program Files\dotnet;C;C:\Program Files (x86)\Windows Kits\8.1\Windows Performance Toolkit;C;C:\Users\Dallas\AppData\Roaming\nvm;C;C:\Program Files\nodejs;C;C:\Users\Dallas\AppData\Local\Microsoft\WindowsApps;C;C:\Users\Dallas\AppData\Roaming\npm;C;C:\Program Files (x86)\Microsoft VS Code\bin;C;C:\Users\Dallas\AppData\Roaming\nvm;C;C:\Program Files\nodejs;C:\Program Files\Git\usr\bin\vendor_perl;C:\Program Files\Git\usr\bin\core_perl
10 verbose lifecycle eyespy@1.0.0~serve: CWD: C:\Users\Dallas\Desktop\Sites\Github\EyeSpyNature
11 silly lifecycle eyespy@1.0.0~serve: Args: [ '/d /s /c', 'lite-server -c=bs-config.json' ]
12 silly lifecycle eyespy@1.0.0~serve: Returned: code: 1  signal: null
13 info lifecycle eyespy@1.0.0~serve: Failed to exec serve script
14 verbose stack Error: eyespy@1.0.0 serve: `lite-server -c=bs-config.json`
14 verbose stack Exit status 1
14 verbose stack     at EventEmitter.<anonymous> (C:\Users\Dallas\AppData\Roaming\nvm\v6.3.0\node_modules\npm\lib\utils\lifecycle.js:242:16)
14 verbose stack     at emitTwo (events.js:106:13)
14 verbose stack     at EventEmitter.emit (events.js:191:7)
14 verbose stack     at ChildProcess.<anonymous> (C:\Users\Dallas\AppData\Roaming\nvm\v6.3.0\node_modules\npm\lib\utils\spawn.js:40:14)
14 verbose stack     at emitTwo (events.js:106:13)
14 verbose stack     at ChildProcess.emit (events.js:191:7)
14 verbose stack     at maybeClose (internal/child_process.js:852:16)
14 verbose stack     at Process.ChildProcess._handle.onexit (internal/child_process.js:215:5)
15 verbose pkgid eyespy@1.0.0
16 verbose cwd C:\Users\Dallas\Desktop\Sites\Github\EyeSpyNature
17 error Windows_NT 10.0.14393
18 error argv "C:\\Program Files\\nodejs\\node.exe" "C:\\Program Files\\nodejs\\node_modules\\npm\\bin\\npm-cli.js" "run" "serve"
19 error node v6.3.0
20 error npm  v3.10.3
21 error code ELIFECYCLE
22 error eyespy@1.0.0 serve: `lite-server -c=bs-config.json`
22 error Exit status 1
23 error Failed at the eyespy@1.0.0 serve script 'lite-server -c=bs-config.json'.
23 error Make sure you have the latest version of node.js and npm installed.
23 error If you do, this is most likely a problem with the eyespy package,
23 error not with npm itself.
23 error Tell the author that this fails on your system:
23 error     lite-server -c=bs-config.json
23 error You can get information on how to open an issue for this project with:
23 error     npm bugs eyespy
23 error Or if that isn't available, you can get their info via:
23 error     npm owner ls eyespy
23 error There is likely additional logging output above.
24 verbose exit [ 1, true ]
